<?xml version="1.0" encoding="UTF-8"?>
<testsuite name="DollarCalculatorTest" tests="1" skipped="0" failures="0" errors="0" timestamp="2022-10-29T06:12:13" hostname="hongcha89.local" time="0.521">
  <properties/>
  <testcase name="mockTest()" classname="DollarCalculatorTest" time="0.521"/>
  <system-out><![CDATA[]]></system-out>
  <system-err><![CDATA[]]></system-err>
</testsuite>
